0 info it worked if it ends with ok
1 verbose cli [ 'node', '/usr/local/bin/npm', 'update', '-g', 'bower' ]
2 info using npm@1.4.9
3 info using node@v0.10.28
4 verbose url raw bower
5 verbose url resolving [ 'https://registry.npmjs.org/', './bower' ]
6 verbose url resolved https://registry.npmjs.org/bower
7 info trying registry request attempt 1 at 15:12:29
8 http GET https://registry.npmjs.org/bower
9 http 200 https://registry.npmjs.org/bower
10 silly registry.get cb [ 200,
10 silly registry.get   { date: 'Thu, 14 Aug 2014 18:12:32 GMT',
10 silly registry.get     server: 'CouchDB/1.5.0 (Erlang OTP/R16B03)',
10 silly registry.get     etag: '"3O48P1JVAEJTUTBN4RX6BV3YG"',
10 silly registry.get     'content-type': 'application/json',
10 silly registry.get     'cache-control': 'max-age=60',
10 silly registry.get     'content-length': '98638',
10 silly registry.get     'accept-ranges': 'bytes',
10 silly registry.get     via: '1.1 varnish',
10 silly registry.get     age: '147',
10 silly registry.get     'x-served-by': 'cache-ord1733-ORD',
10 silly registry.get     'x-cache': 'HIT',
10 silly registry.get     'x-cache-hits': '1',
10 silly registry.get     'x-timer': 'S1408039952.770889,VS0,VE0',
10 silly registry.get     vary: 'Accept',
10 silly registry.get     'keep-alive': 'timeout=10, max=50',
10 silly registry.get     connection: 'Keep-Alive' } ]
11 info outdated updating [ [ '/usr/local/lib', 'bower', '1.3.3', '1.3.9', '1.3.9', '*' ] ]
12 verbose install where,what [ '/usr/local/lib', [ 'bower@1.3.9' ] ]
13 verbose cache add [ 'bower@1.3.9', null ]
14 verbose cache add name=undefined spec="bower@1.3.9" args=["bower@1.3.9",null]
15 verbose parsed url { protocol: null,
15 verbose parsed url   slashes: null,
15 verbose parsed url   auth: null,
15 verbose parsed url   host: null,
15 verbose parsed url   port: null,
15 verbose parsed url   hostname: null,
15 verbose parsed url   hash: null,
15 verbose parsed url   search: null,
15 verbose parsed url   query: null,
15 verbose parsed url   pathname: 'bower@1.3.9',
15 verbose parsed url   path: 'bower@1.3.9',
15 verbose parsed url   href: 'bower@1.3.9' }
16 verbose cache add name="bower" spec="1.3.9" args=["bower","1.3.9"]
17 verbose parsed url { protocol: null,
17 verbose parsed url   slashes: null,
17 verbose parsed url   auth: null,
17 verbose parsed url   host: null,
17 verbose parsed url   port: null,
17 verbose parsed url   hostname: null,
17 verbose parsed url   hash: null,
17 verbose parsed url   search: null,
17 verbose parsed url   query: null,
17 verbose parsed url   pathname: '1.3.9',
17 verbose parsed url   path: '1.3.9',
17 verbose parsed url   href: '1.3.9' }
18 verbose addNamed [ 'bower', '1.3.9' ]
19 verbose addNamed [ '1.3.9', '1.3.9' ]
20 silly lockFile 4c0b32f5-bower-1-3-9 bower@1.3.9
21 verbose lock bower@1.3.9 /Users/davo/.npm/4c0b32f5-bower-1-3-9.lock
22 verbose registry.get bower not expired, no request
23 silly lockFile e985d5e5--npmjs-org-bower-bower-1-3-9-tgz https://registry.npmjs.org/bower/-/bower-1.3.9.tgz
24 verbose lock https://registry.npmjs.org/bower/-/bower-1.3.9.tgz /Users/davo/.npm/e985d5e5--npmjs-org-bower-bower-1-3-9-tgz.lock
25 verbose addRemoteTarball [ 'https://registry.npmjs.org/bower/-/bower-1.3.9.tgz',
25 verbose addRemoteTarball   '786d4addfc523e875089ccc1ef8d5a6d6e91a2c6' ]
26 info retry fetch attempt 1 at 15:12:33
27 verbose fetch to= /var/folders/f3/mxy60frs45l3mqnggc56v_m80000gn/T/npm-7726-v7-tnSBp/1408039953702-0.8244109589140862/tmp.tgz
28 http GET https://registry.npmjs.org/bower/-/bower-1.3.9.tgz
29 error fetch failed https://registry.npmjs.org/bower/-/bower-1.3.9.tgz
30 info retry will retry, error on last attempt: Error: socket hang up
31 info retry fetch attempt 2 at 15:13:45
32 verbose fetch to= /var/folders/f3/mxy60frs45l3mqnggc56v_m80000gn/T/npm-7726-v7-tnSBp/1408039953702-0.8244109589140862/tmp.tgz
33 http GET https://registry.npmjs.org/bower/-/bower-1.3.9.tgz
34 error fetch failed https://registry.npmjs.org/bower/-/bower-1.3.9.tgz
35 info retry will retry, error on last attempt: Error: 140735256519440:error:140770FC:SSL routines:SSL23_GET_SERVER_HELLO:unknown protocol:../deps/openssl/openssl/ssl/s23_clnt.c:787:
36 info retry fetch attempt 3 at 15:16:16
37 verbose fetch to= /var/folders/f3/mxy60frs45l3mqnggc56v_m80000gn/T/npm-7726-v7-tnSBp/1408039953702-0.8244109589140862/tmp.tgz
38 http GET https://registry.npmjs.org/bower/-/bower-1.3.9.tgz
39 error fetch failed https://registry.npmjs.org/bower/-/bower-1.3.9.tgz
40 silly lockFile e985d5e5--npmjs-org-bower-bower-1-3-9-tgz https://registry.npmjs.org/bower/-/bower-1.3.9.tgz
41 silly lockFile e985d5e5--npmjs-org-bower-bower-1-3-9-tgz https://registry.npmjs.org/bower/-/bower-1.3.9.tgz
42 silly lockFile 4c0b32f5-bower-1-3-9 bower@1.3.9
43 silly lockFile 4c0b32f5-bower-1-3-9 bower@1.3.9
44 error network getaddrinfo ENOTFOUND
44 error network This is most likely not a problem with npm itself
44 error network and is related to network connectivity.
44 error network In most cases you are behind a proxy or have bad network settings.
44 error network
44 error network If you are behind a proxy, please make sure that the
44 error network 'proxy' config is set properly.  See: 'npm help config'
45 error System Darwin 13.3.0
46 error command "node" "/usr/local/bin/npm" "update" "-g" "bower"
47 error cwd /Users/davo/Dropbox/gcba/sensores/presentacion/v0
48 error node -v v0.10.28
49 error npm -v 1.4.9
50 error syscall getaddrinfo
51 error code ENOTFOUND
52 error errno ENOTFOUND
53 verbose exit [ 1, true ]
